# JRE version: OpenJDK Runtime Environment Temurin-17.0.18+8 (17.0.18+8) (build 17.0.18+8)
# Java VM: OpenJDK 64-Bit Server VM Temurin-17.0.18+8 (17.0.18+8, mixed mode, sharing, tiered, compressed oops, compressed class ptrs, g1 gc, windows-amd64)
GC Precious Log:
 CPUs: 2 total, 2 available
 Memory: 3920M
 Large Page Support: Disabled
 NUMA Support: Disabled
 Compressed Oops: Enabled (32-bit)
 Heap Region Size: 1M
 Heap Min Capacity: 8M
 Heap Initial Capacity: 62M
 Heap Max Capacity: 2G
 Pre-touch: Disabled
 Parallel Workers: 2
 Concurrent Workers: 1
 Concurrent Refinement Workers: 2
 Periodic GC: Disabled
Heap:
 garbage-first heap   total 294912K, used 199953K [0x0000000080000000, 0x0000000100000000)
  region size 1024K, 75 young (76800K), 10 survivors (10240K)
 Metaspace       used 190789K, committed 191936K, reserved 1245184K
  class space    used 24677K, committed 25216K, reserved 1048576K
GC Heap History (20 events):
Event: 509.029 GC heap before
{Heap before GC invocations=85 (full 0):
 garbage-first heap   total 294912K, used 132200K [0x0000000080000000, 0x0000000100000000)
  region size 1024K, 14 young (14336K), 7 survivors (7168K)
 Metaspace       used 155072K, committed 156032K, reserved 1245184K
  class space    used 20084K, committed 20544K, reserved 1048576K
}
Event: 509.641 GC heap after
{Heap after GC invocations=86 (full 0):
 garbage-first heap   total 294912K, used 108545K [0x0000000080000000, 0x0000000100000000)
  region size 1024K, 2 young (2048K), 2 survivors (2048K)
 Metaspace       used 155072K, committed 156032K, reserved 1245184K
  class space    used 20084K, committed 20544K, reserved 1048576K
}
Event: 529.615 GC heap before
{Heap before GC invocations=86 (full 0):
 garbage-first heap   total 294912K, used 173057K [0x0000000080000000, 0x0000000100000000)
  region size 1024K, 66 young (67584K), 2 survivors (2048K)
 Metaspace       used 160970K, committed 161920K, reserved 1245184K
  class space    used 20789K, committed 21248K, reserved 1048576K
}
Event: 529.641 GC heap after
{Heap after GC invocations=87 (full 0):
 garbage-first heap   total 294912K, used 114177K [0x0000000080000000, 0x0000000100000000)
  region size 1024K, 7 young (7168K), 7 survivors (7168K)
 Metaspace       used 160970K, committed 161920K, reserved 1245184K
  class space    used 20789K, committed 21248K, reserved 1048576K
}
Event: 543.884 GC heap before
{Heap before GC invocations=87 (full 0):
 garbage-first heap   total 294912K, used 168449K [0x0000000080000000, 0x0000000100000000)
  region size 1024K, 61 young (62464K), 7 survivors (7168K)
 Metaspace       used 162491K, committed 163520K, reserved 1245184K
  class space    used 20982K, committed 21440K, reserved 1048576K
}
Event: 543.934 GC heap after
{Heap after GC invocations=88 (full 0):
 garbage-first heap   total 294912K, used 116723K [0x0000000080000000, 0x0000000100000000)
  region size 1024K, 3 young (3072K), 3 survivors (3072K)
 Metaspace       used 162491K, committed 163520K, reserved 1245184K
  class space    used 20982K, committed 21440K, reserved 1048576K
}
Event: 549.666 GC heap before
{Heap before GC invocations=88 (full 0):
 garbage-first heap   total 294912K, used 151539K [0x0000000080000000, 0x0000000100000000)
  region size 1024K, 39 young (39936K), 3 survivors (3072K)
 Metaspace       used 164709K, committed 165760K, reserved 1245184K
  class space    used 21278K, committed 21760K, reserved 1048576K
}
Event: 549.692 GC heap after
{Heap after GC invocations=89 (full 0):
 garbage-first heap   total 294912K, used 117813K [0x0000000080000000, 0x0000000100000000)
  region size 1024K, 4 young (4096K), 4 survivors (4096K)
 Metaspace       used 164709K, committed 165760K, reserved 1245184K
  class space    used 21278K, committed 21760K, reserved 1048576K
}
Event: 574.889 GC heap before
{Heap before GC invocations=90 (full 0):
 garbage-first heap   total 294912K, used 239669K [0x0000000080000000, 0x0000000100000000)
  region size 1024K, 118 young (120832K), 4 survivors (4096K)
 Metaspace       used 173364K, committed 174464K, reserved 1245184K
  class space    used 22323K, committed 22848K, reserved 1048576K
}
Event: 575.078 GC heap after
{Heap after GC invocations=91 (full 0):
 garbage-first heap   total 294912K, used 127199K [0x0000000080000000, 0x0000000100000000)
  region size 1024K, 11 young (11264K), 11 survivors (11264K)
 Metaspace       used 173364K, committed 174464K, reserved 1245184K
  class space    used 22323K, committed 22848K, reserved 1048576K
}
Event: 576.716 GC heap before
{Heap before GC invocations=91 (full 0):
 garbage-first heap   total 294912K, used 129247K [0x0000000080000000, 0x0000000100000000)
  region size 1024K, 14 young (14336K), 11 survivors (11264K)
 Metaspace       used 173489K, committed 174528K, reserved 1245184K
  class space    used 22346K, committed 22848K, reserved 1048576K
}
Event: 577.003 GC heap after
{Heap after GC invocations=92 (full 0):
 garbage-first heap   total 294912K, used 123366K [0x0000000080000000, 0x0000000100000000)
  region size 1024K, 1 young (1024K), 1 survivors (1024K)
 Metaspace       used 173489K, committed 174528K, reserved 1245184K
  class space    used 22346K, committed 22848K, reserved 1048576K
}
Event: 579.119 GC heap before
{Heap before GC invocations=92 (full 0):
 garbage-first heap   total 294912K, used 135654K [0x0000000080000000, 0x0000000100000000)
  region size 1024K, 14 young (14336K), 1 survivors (1024K)
 Metaspace       used 174544K, committed 175680K, reserved 1245184K
  class space    used 22484K, committed 22976K, reserved 1048576K
}
Event: 579.194 GC heap after
{Heap after GC invocations=93 (full 0):
 garbage-first heap   total 294912K, used 123392K [0x0000000080000000, 0x0000000100000000)
  region size 1024K, 1 young (1024K), 1 survivors (1024K)
 Metaspace       used 174544K, committed 175680K, reserved 1245184K
  class space    used 22484K, committed 22976K, reserved 1048576K
}
Event: 586.542 GC heap before
{Heap before GC invocations=93 (full 0):
 garbage-first heap   total 294912K, used 240128K [0x0000000080000000, 0x0000000100000000)
  region size 1024K, 113 young (115712K), 1 survivors (1024K)
 Metaspace       used 178763K, committed 179904K, reserved 1245184K
  class space    used 23052K, committed 23552K, reserved 1048576K
}
Event: 586.559 GC heap after
{Heap after GC invocations=94 (full 0):
 garbage-first heap   total 294912K, used 126167K [0x0000000080000000, 0x0000000100000000)
  region size 1024K, 4 young (4096K), 4 survivors (4096K)
 Metaspace       used 178763K, committed 179904K, reserved 1245184K
  class space    used 23052K, committed 23552K, reserved 1048576K
}
Event: 600.333 GC heap before
{Heap before GC invocations=94 (full 0):
 garbage-first heap   total 294912K, used 240855K [0x0000000080000000, 0x0000000100000000)
  region size 1024K, 117 young (119808K), 4 survivors (4096K)
 Metaspace       used 186534K, committed 187648K, reserved 1245184K
  class space    used 24169K, committed 24704K, reserved 1048576K
}
Event: 600.367 GC heap after
{Heap after GC invocations=95 (full 0):
 garbage-first heap   total 294912K, used 131120K [0x0000000080000000, 0x0000000100000000)
  region size 1024K, 9 young (9216K), 9 survivors (9216K)
 Metaspace       used 186534K, committed 187648K, reserved 1245184K
  class space    used 24169K, committed 24704K, reserved 1048576K
}
Event: 616.933 GC heap before
{Heap before GC invocations=95 (full 0):
 garbage-first heap   total 294912K, used 242736K [0x0000000080000000, 0x0000000100000000)
  region size 1024K, 118 young (120832K), 9 survivors (9216K)
 Metaspace       used 189853K, committed 191040K, reserved 1245184K
  class space    used 24527K, committed 25088K, reserved 1048576K
}
Event: 617.020 GC heap after
{Heap after GC invocations=96 (full 0):
 garbage-first heap   total 294912K, used 134417K [0x0000000080000000, 0x0000000100000000)
  region size 1024K, 10 young (10240K), 10 survivors (10240K)
 Metaspace       used 189853K, committed 191040K, reserved 1245184K
  class space    used 24527K, committed 25088K, reserved 1048576K
}

